0 info it worked if it ends with ok
1 verbose cli [ 'C:\\Program Files\\nodejs\\node.exe',
1 verbose cli   'C:\\Users\\Lobut\\AppData\\Roaming\\npm\\node_modules\\npm\\bin\\npm-cli.js',
1 verbose cli   'run-script',
1 verbose cli   'lint:watch' ]
2 info using npm@3.8.6
3 info using node@v6.2.0
4 verbose run-script [ 'prelint:watch', 'lint:watch', 'postlint:watch' ]
5 info lifecycle robertface@1.0.0~prelint:watch: robertface@1.0.0
6 silly lifecycle robertface@1.0.0~prelint:watch: no script for prelint:watch, continuing
7 info lifecycle robertface@1.0.0~lint:watch: robertface@1.0.0
8 verbose lifecycle robertface@1.0.0~lint:watch: unsafe-perm in lifecycle true
9 verbose lifecycle robertface@1.0.0~lint:watch: PATH: C:\Users\Lobut\AppData\Roaming\npm\node_modules\npm\bin\node-gyp-bin;C:\Projects\demo\node_modules\.bin;C:\Program Files\nodejs;C:\Users\Lobut\AppData\Roaming\npm\node_modules\npm\bin\node-gyp-bin;C:\Projects\demo\node_modules\.bin;C:\Program Files\nodejs;C:\Users\Lobut\bin;C:\Program Files\Git\mingw64\bin;C:\Program Files\Git\usr\local\bin;C:\Program Files\Git\usr\bin;C:\Program Files\Git\usr\bin;C:\Program Files\Git\mingw64\bin;C:\Program Files\Git\usr\bin;C:\Program Files (x86)\Razer Chroma SDK\bin;C:\Program Files\Razer Chroma SDK\bin;C:\ruby21\bin;C:\Python27;C:\Python27\Scripts;C:\ProgramData\Oracle\Java\javapath;C:\Program Files (x86)\Haskell\bin;C:\Program Files (x86)\Haskell Platform\2013.2.0.0\lib\extralibs\bin;C:\Program Files (x86)\Haskell Platform\2013.2.0.0\bin;C:\Program Files\Common Files\Microsoft Shared\Windows Live;C:\Program Files (x86)\Common Files\Microsoft Shared\Windows Live;C:\WINDOWS\system32;C:\WINDOWS;C:\WINDOWS\System32\Wbem;C:\WINDOWS\System32\WindowsPowerShell\v1.0;C:\Program Files\Intel\WiFi\bin;C:\Program Files\Common Files\Intel\WirelessCommon;C:\Program Files (x86)\Microsoft ASP.NET\ASP.NET Web Pages\v1.0;C:\Program Files (x86)\Windows Live\Shared;C:\Program Files\TortoiseGit\bin;C:\Program Files (x86)\Windows Kits\8.0\Windows Performance Toolkit;C:\Program Files\TortoiseHg;C:\Program Files (x86)\Calibre2;C:\Program Files\Microsoft SQL Server\110\Tools\Binn;C:\Program Files (x86)\Haskell Platform\2013.2.0.0\mingw\bin;C:\Program Files\Microsoft Windows Performance Toolkit;C:\Program Files (x86)\Windows Kits\8.1\Windows Performance Toolkit;C:\Program Files\OpenVPN\bin;C:\Program Files (x86)\Microsoft SDKs\TypeScript\1.0;C:\Program Files\Microsoft SQL Server\120\Tools\Binn;C:\Program Files\Microsoft\Web Platform Installer;C:\Program Files\TortoiseSVN\bin;C:\Program Files (x86)\Heroes of the Storm\Support;C:\Program Files\Microsoft SQL Server\Client SDK\ODBC\110\Tools\Binn;C:\Program Files (x86)\Microsoft SQL Server\120\Tools\Binn;C:\Program Files\Microsoft SQL Server\120\DTS\Binn;C:\Program Files (x86)\Microsoft SQL Server\120\Tools\Binn\ManagementStudio;C:\Program Files (x86)\Microsoft SQL Server\120\DTS\Binn;C:\Program Files\MongoDB\Server\3.0\bin;C:\Program Files (x86)\NVIDIA Corporation\PhysX\Common;C:\Program Files (x86)\GitExtensions;C:\Users\Lobut\.dnx\bin;C:\Program Files\Microsoft DNX\Dnvm;C:\Users\Lobut\AppData\Roaming\cabal\bin;C:\Program Files (x86)\OpenVPN\bin;C:\Chocolatey\bin;C:\Program Files\Boot2Docker for Windows;C:\Users\Lobut\AppData\Roaming\npm;C:\Program Files (x86)\Microsoft VS Code\bin;C:\Windows\WinSxS\amd64_microsoft-windows-telnet-client_31bf3856ad364e35_10.0.10240.16384_none_c0320313bfb7b52a;C:\Program Files\Docker Toolbox;C:\WINDOWS\system32\config\systemprofile\.dnx\bin;C:\Users\Lobut\AppData\Roaming\nvm;C:\Program Files\nodejs;C:\Program Files (x86)\scala\bin;C:\WINDOWS\system32;C:\WINDOWS;C:\WINDOWS\System32\Wbem;C:\WINDOWS\System32\WindowsPowerShell\v1.0;C:\Program Files (x86)\Skype\Phone;C:\Program Files (x86)\EaseUS\Todo Backup\bin;C:\Users\Lobut\.dnx\bin;C:\Users\Lobut\AppData\Roaming\cabal\bin;C:\Program Files\Intel\WiFi\bin;C:\Program Files\Common Files\Intel\WirelessCommon;C:\Program Files (x86)\OpenVPN\bin;C:\Chocolatey\bin;C:\Program Files\Boot2Docker for Windows;C:\Program Files (x86)\Microsoft VS Code\bin;C:\Windows\WinSxS\amd64_microsoft-windows-telnet-client_31bf3856ad364e35_10.0.10240.16384_none_c0320313bfb7b52a;C:\Program Files\Docker Toolbox;C:\Users\Lobut\AppData\Roaming\nvm;C:\Program Files\nodejs;C:\Users\Lobut\AppData\Roaming\npm;C:\Program Files\Git\usr\bin\vendor_perl;C:\Program Files\Git\usr\bin\core_perl
10 verbose lifecycle robertface@1.0.0~lint:watch: CWD: C:\Projects\demo
11 silly lifecycle robertface@1.0.0~lint:watch: Args: [ '/d /s /c', 'npm run lint -- --watch' ]
12 silly lifecycle robertface@1.0.0~lint:watch: Returned: code: 1  signal: null
13 info lifecycle robertface@1.0.0~lint:watch: Failed to exec lint:watch script
14 verbose stack Error: robertface@1.0.0 lint:watch: `npm run lint -- --watch`
14 verbose stack Exit status 1
14 verbose stack     at EventEmitter.<anonymous> (C:\Users\Lobut\AppData\Roaming\npm\node_modules\npm\lib\utils\lifecycle.js:239:16)
14 verbose stack     at emitTwo (events.js:106:13)
14 verbose stack     at EventEmitter.emit (events.js:191:7)
14 verbose stack     at ChildProcess.<anonymous> (C:\Users\Lobut\AppData\Roaming\npm\node_modules\npm\lib\utils\spawn.js:24:14)
14 verbose stack     at emitTwo (events.js:106:13)
14 verbose stack     at ChildProcess.emit (events.js:191:7)
14 verbose stack     at maybeClose (internal/child_process.js:850:16)
14 verbose stack     at Process.ChildProcess._handle.onexit (internal/child_process.js:215:5)
15 verbose pkgid robertface@1.0.0
16 verbose cwd C:\Projects\demo
17 error Windows_NT 10.0.10586
18 error argv "C:\\Program Files\\nodejs\\node.exe" "C:\\Users\\Lobut\\AppData\\Roaming\\npm\\node_modules\\npm\\bin\\npm-cli.js" "run-script" "lint:watch"
19 error node v6.2.0
20 error npm  v3.8.6
21 error code ELIFECYCLE
22 error robertface@1.0.0 lint:watch: `npm run lint -- --watch`
22 error Exit status 1
23 error Failed at the robertface@1.0.0 lint:watch script 'npm run lint -- --watch'.
23 error Make sure you have the latest version of node.js and npm installed.
23 error If you do, this is most likely a problem with the robertface package,
23 error not with npm itself.
23 error Tell the author that this fails on your system:
23 error     npm run lint -- --watch
23 error You can get information on how to open an issue for this project with:
23 error     npm bugs robertface
23 error Or if that isn't available, you can get their info via:
23 error     npm owner ls robertface
23 error There is likely additional logging output above.
24 verbose exit [ 1, true ]
